c:\users\ynsbalci\desktop\projects\sparky engine\bin\debug\intermediates\vc140.pdb
c:\users\ynsbalci\desktop\projects\sparky engine\bin\debug\intermediates\vc140.idb
c:\users\ynsbalci\desktop\projects\sparky engine\bin\debug\intermediates\mat4.obj
c:\users\ynsbalci\desktop\projects\sparky engine\bin\debug\intermediates\vec2.obj
c:\users\ynsbalci\desktop\projects\sparky engine\bin\debug\intermediates\vec3.obj
c:\users\ynsbalci\desktop\projects\sparky engine\bin\debug\intermediates\vec4.obj
c:\users\ynsbalci\desktop\projects\sparky engine\bin\debug\intermediates\buffer.obj
c:\users\ynsbalci\desktop\projects\sparky engine\bin\debug\intermediates\indexbuffer.obj
c:\users\ynsbalci\desktop\projects\sparky engine\bin\debug\intermediates\vertexarray.obj
c:\users\ynsbalci\desktop\projects\sparky engine\bin\debug\intermediates\shader.obj
c:\users\ynsbalci\desktop\projects\sparky engine\bin\debug\intermediates\window.obj
c:\users\ynsbalci\desktop\projects\sparky engine\bin\debug\intermediates\main.obj
c:\users\ynsbalci\desktop\projects\sparky engine\bin\debug\intermediates\batchrenderer2d.obj
c:\users\ynsbalci\desktop\projects\sparky engine\bin\debug\intermediates\simple2drenderer.obj
c:\users\ynsbalci\desktop\projects\sparky engine\bin\debug\intermediates\sprite.obj
c:\users\ynsbalci\desktop\projects\sparky engine\bin\debug\intermediates\static_sprite.obj
c:\users\ynsbalci\desktop\projects\sparky engine\bin\debug\sparky-core.ilk
c:\users\ynsbalci\desktop\projects\sparky engine\bin\debug\sparky-core.exe
c:\users\ynsbalci\desktop\projects\sparky engine\bin\debug\sparky-core.pdb
c:\users\ynsbalci\desktop\projects\sparky engine\bin\debug\intermediates\sparky-core.tlog\cl.command.1.tlog
c:\users\ynsbalci\desktop\projects\sparky engine\bin\debug\intermediates\sparky-core.tlog\cl.read.1.tlog
c:\users\ynsbalci\desktop\projects\sparky engine\bin\debug\intermediates\sparky-core.tlog\cl.write.1.tlog
c:\users\ynsbalci\desktop\projects\sparky engine\bin\debug\intermediates\sparky-core.tlog\link-cvtres.read.1.tlog
c:\users\ynsbalci\desktop\projects\sparky engine\bin\debug\intermediates\sparky-core.tlog\link-cvtres.write.1.tlog
c:\users\ynsbalci\desktop\projects\sparky engine\bin\debug\intermediates\sparky-core.tlog\link-rc.read.1.tlog
c:\users\ynsbalci\desktop\projects\sparky engine\bin\debug\intermediates\sparky-core.tlog\link-rc.write.1.tlog
c:\users\ynsbalci\desktop\projects\sparky engine\bin\debug\intermediates\sparky-core.tlog\link.command.1.tlog
c:\users\ynsbalci\desktop\projects\sparky engine\bin\debug\intermediates\sparky-core.tlog\link.read.1.tlog
c:\users\ynsbalci\desktop\projects\sparky engine\bin\debug\intermediates\sparky-core.tlog\link.write.1.tlog
